<?xml version="1.0" encoding="UTF-8"?>
<!-- Generated by org.testng.reporters.JUnitReportReporter -->
<testsuite skipped="0" hostname="DESKTOP-4VJEUVF" name="com.Listeners1.NewTest" tests="1" failures="0" timestamp="2022-11-01T13:10:44 IST" time="6.744" errors="0">
  <testcase name="fTest" time="6.744" classname="com.Listeners1.NewTest"/>
  <system-out/>
</testsuite> <!-- com.Listeners1.NewTest -->
