<?xml version="1.0" encoding="UTF-8"?>
<!-- Generated by org.testng.reporters.JUnitReportReporter -->
<testsuite skipped="0" hostname="DESKTOP-4VJEUVF" name="com.Listeners1.FF" tests="1" failures="0" timestamp="2022-11-01T12:51:13 IST" time="0.012" errors="0">
  <testcase name="g" time="0.012" classname="com.Listeners1.FF"/>
  <system-out/>
</testsuite> <!-- com.Listeners1.FF -->
