<?xml version="1.0" encoding="UTF-8"?>
<!-- Generated by org.testng.reporters.JUnitReportReporter -->
<testsuite skipped="0" hostname="DESKTOP-4VJEUVF" name="com.qa.extentreport.ExtentreportdemoTest" tests="1" failures="0" timestamp="2022-11-01T16:37:24 IST" time="1.074" errors="0">
  <testcase name="fTest" time="1.074" classname="com.qa.extentreport.ExtentreportdemoTest"/>
  <system-out/>
</testsuite> <!-- com.qa.extentreport.ExtentreportdemoTest -->
