<?xml version="1.0" encoding="UTF-8"?>
<!-- Generated by org.testng.reporters.JUnitReportReporter -->
<testsuite skipped="0" hostname="DESKTOP-4VJEUVF" name="com.qa.extentreport.OpencartTest" tests="1" failures="0" timestamp="2022-11-01T17:10:05 IST" time="0.921" errors="0">
  <testcase name="fTest" time="0.921" classname="com.qa.extentreport.OpencartTest"/>
  <system-out/>
</testsuite> <!-- com.qa.extentreport.OpencartTest -->
