<?xml version="1.0" encoding="UTF-8"?>
<!-- Generated by org.testng.reporters.JUnitReportReporter -->
<testsuite skipped="0" hostname="DESKTOP-4VJEUVF" name="com.Listeners1.NewggTest" tests="1" failures="0" timestamp="2022-11-01T13:30:06 IST" time="6.770" errors="0">
  <testcase name="fTest" time="6.770" classname="com.Listeners1.NewggTest"/>
  <system-out/>
</testsuite> <!-- com.Listeners1.NewggTest -->
